<?xml version="1.0" encoding="UTF-8"?>
<testng-results ignored="0" total="1" passed="1" failed="0" skipped="0">
  <reporter-output>
  </reporter-output>
  <suite started-at="2023-06-03T21:36:24 IST" name="Suite" finished-at="2023-06-03T21:38:34 IST" duration-ms="129883">
    <groups>
    </groups>
    <test started-at="2023-06-03T21:36:24 IST" name="Test" finished-at="2023-06-03T21:38:34 IST" duration-ms="129883">
      <class name="com.mahesh.automation.appln.businessscripts.OpenCartTest">
        <test-method is-config="true" signature="openBrowser(java.lang.String)[pri:0, instance:com.mahesh.automation.appln.businessscripts.OpenCartTest@57cf54e1]" started-at="2023-06-03T21:36:22 IST" name="openBrowser" finished-at="2023-06-03T21:36:24 IST" duration-ms="2425" status="PASS">
          <params>
            <param index="0">
              <value>
                <![CDATA[chrome]]>
              </value>
            </param>
          </params>
          <reporter-output>
          </reporter-output>
        </test-method> <!-- openBrowser -->
        <test-method is-config="true" signature="initReports()[pri:0, instance:com.mahesh.automation.appln.businessscripts.OpenCartTest@57cf54e1]" started-at="2023-06-03T21:36:24 IST" name="initReports" finished-at="2023-06-03T21:36:24 IST" duration-ms="259" status="PASS">
          <reporter-output>
          </reporter-output>
        </test-method> <!-- initReports -->
        <test-method is-config="true" signature="beforeTCExcution(java.lang.reflect.Method)[pri:0, instance:com.mahesh.automation.appln.businessscripts.OpenCartTest@57cf54e1]" started-at="2023-06-03T21:36:24 IST" name="beforeTCExcution" finished-at="2023-06-03T21:36:24 IST" duration-ms="5" status="PASS">
          <params>
            <param index="0">
              <value>
                <![CDATA[public static void com.mahesh.automation.appln.businessscripts.OpenCartTest.verifyproduc() throws java.lang.InterruptedException]]>
              </value>
            </param>
          </params>
          <reporter-output>
          </reporter-output>
        </test-method> <!-- beforeTCExcution -->
        <test-method signature="verifyproduc()[pri:0, instance:com.mahesh.automation.appln.businessscripts.OpenCartTest@57cf54e1]" started-at="2023-06-03T21:36:24 IST" name="verifyproduc" finished-at="2023-06-03T21:38:33 IST" duration-ms="129032" status="PASS">
          <reporter-output>
          </reporter-output>
        </test-method> <!-- verifyproduc -->
        <test-method is-config="true" signature="afterTCExecution(org.testng.ITestResult)[pri:0, instance:com.mahesh.automation.appln.businessscripts.OpenCartTest@57cf54e1]" started-at="2023-06-03T21:38:33 IST" name="afterTCExecution" finished-at="2023-06-03T21:38:34 IST" duration-ms="473" status="PASS">
          <params>
            <param index="0">
              <value>
                <![CDATA[[TestResult name=verifyproduc status=SUCCESS method=OpenCartTest.verifyproduc()[pri:0, instance:com.mahesh.automation.appln.businessscripts.OpenCartTest@57cf54e1] output={null}]]]>
              </value>
            </param>
          </params>
          <reporter-output>
          </reporter-output>
        </test-method> <!-- afterTCExecution -->
        <test-method is-config="true" signature="closeReports()[pri:0, instance:com.mahesh.automation.appln.businessscripts.OpenCartTest@57cf54e1]" started-at="2023-06-03T21:38:34 IST" name="closeReports" finished-at="2023-06-03T21:38:34 IST" duration-ms="68" status="PASS">
          <reporter-output>
          </reporter-output>
        </test-method> <!-- closeReports -->
        <test-method is-config="true" signature="closeBrowser()[pri:0, instance:com.mahesh.automation.appln.businessscripts.OpenCartTest@57cf54e1]" started-at="2023-06-03T21:38:34 IST" name="closeBrowser" finished-at="2023-06-03T21:38:34 IST" duration-ms="271" status="PASS">
          <reporter-output>
          </reporter-output>
        </test-method> <!-- closeBrowser -->
      </class> <!-- com.mahesh.automation.appln.businessscripts.OpenCartTest -->
    </test> <!-- Test -->
  </suite> <!-- Suite -->
</testng-results>
